[debug] [2023-09-13T14:55:35.587Z] ----------------------------------------------------------------------
[debug] [2023-09-13T14:55:35.589Z] Command:       C:\Program Files\nodejs\node.exe C:\Users\meand\AppData\Roaming\npm\node_modules\firebase-tools\lib\bin\firebase.js init
[debug] [2023-09-13T14:55:35.589Z] CLI Version:   12.5.4
[debug] [2023-09-13T14:55:35.590Z] Platform:      win32
[debug] [2023-09-13T14:55:35.590Z] Node Version:  v18.17.1
[debug] [2023-09-13T14:55:35.591Z] Time:          Wed Sep 13 2023 22:55:35 GMT+0800 (Malaysia Time)
[debug] [2023-09-13T14:55:35.592Z] ----------------------------------------------------------------------
[debug] 
[debug] [2023-09-13T14:55:35.602Z] > command requires scopes: ["email","openid","https://www.googleapis.com/auth/cloudplatformprojects.readonly","https://www.googleapis.com/auth/firebase","https://www.googleapis.com/auth/cloud-platform"]
[debug] [2023-09-13T14:55:35.602Z] > authorizing via signed-in user (prolificout@gmail.com)
[info] 
     ######## #### ########  ######## ########     ###     ######  ########
     ##        ##  ##     ## ##       ##     ##  ##   ##  ##       ##
     ######    ##  ########  ######   ########  #########  ######  ######
     ##        ##  ##    ##  ##       ##     ## ##     ##       ## ##
     ##       #### ##     ## ######## ########  ##     ##  ######  ########

You're about to initialize a Firebase project in this directory:

  D:\RAYAN\firebase-chat-app

[info] 
=== Project Setup
[info] 
[info] First, let's associate this project directory with a Firebase project.
[info] You can create multiple project aliases by running firebase use --add, 
[info] but for now we'll just set up a default project.
[info] 
[debug] [2023-09-13T14:56:38.014Z] >>> [apiv2][query] GET https://firebase.googleapis.com/v1beta1/projects pageSize=100
[debug] [2023-09-13T14:56:38.792Z] <<< [apiv2][status] GET https://firebase.googleapis.com/v1beta1/projects 200
[debug] [2023-09-13T14:56:38.792Z] <<< [apiv2][body] GET https://firebase.googleapis.com/v1beta1/projects [omitted]
[info] i  Using project react-chat-app-7d78c (react-chat-app) 
[info] 
=== Hosting Setup
[info] 
[info] Your public directory is the folder (relative to your project directory) that
[info] will contain Hosting assets to be uploaded with firebase deploy. If you
[info] have a build process for your assets, use your build's output directory.
[info] 
[info] +  Wrote public/404.html 
[debug] [2023-09-13T14:58:21.808Z] >>> [apiv2][query] GET https://www.gstatic.com/firebasejs/releases.json [none]
[debug] [2023-09-13T14:58:21.854Z] <<< [apiv2][status] GET https://www.gstatic.com/firebasejs/releases.json 200
[debug] [2023-09-13T14:58:21.854Z] <<< [apiv2][body] GET https://www.gstatic.com/firebasejs/releases.json {"current":{"version":"10.3.1","browserURL":"https://www.gstatic.com/firebasejs/10.3.1/firebase.js","packageURL":"https://www.gstatic.com/firebasejs/10.3.1/firebase.tgz"},"live":{"version":"10.3","browserURL":"https://www.gstatic.com/firebasejs/live/10.3/firebase.js","packageURL":"https://www.gstatic.com/firebasejs/live/10.3/firebase.tgz"},"components":{"analytics":"https://www.gstatic.com/firebasejs/10.3.1/firebase-analytics.js","app":"https://www.gstatic.com/firebasejs/10.3.1/firebase-app.js","app-check":"https://www.gstatic.com/firebasejs/10.3.1/firebase-app-check.js","auth":"https://www.gstatic.com/firebasejs/10.3.1/firebase-auth.js","auth/cordova":"https://www.gstatic.com/firebasejs/10.3.1/firebase-auth/cordova.js","functions":"https://www.gstatic.com/firebasejs/10.3.1/firebase-functions.js","firestore":"https://www.gstatic.com/firebasejs/10.3.1/firebase-firestore.js","firestore/lite":"https://www.gstatic.com/firebasejs/10.3.1/firebase-firestore/lite.js","installations":"https://www.gstatic.com/firebasejs/10.3.1/firebase-installations.js","storage":"https://www.gstatic.com/firebasejs/10.3.1/firebase-storage.js","performance":"https://www.gstatic.com/firebasejs/10.3.1/firebase-performance.js","remote-config":"https://www.gstatic.com/firebasejs/10.3.1/firebase-remote-config.js","messaging":"https://www.gstatic.com/firebasejs/10.3.1/firebase-messaging.js","messaging/sw":"https://www.gstatic.com/firebasejs/10.3.1/firebase-messaging/sw.js","database":"https://www.gstatic.com/firebasejs/10.3.1/firebase-database.js","firestore.memory":"https://www.gstatic.com/firebasejs/10.3.1/firebase-firestore.memory.js"}}
[info] i  Skipping write of public/index.html 
[info] 
[info] i  Didn't detect a .git folder. Assuming D:\RAYAN\firebase-chat-app is the project root. 
[info] i  Authorizing with GitHub to upload your service account to a GitHub repository's secrets store. 
[info] 
[info] Visit this URL on this device to log in:
[info] https://github.com/login/oauth/authorize?client_id=89cf50f02ac6aaed3484&state=680941035&redirect_uri=http%3A%2F%2Flocalhost%3A9005&scope=read%3Auser%20repo%20public_repo
[info] 
[info] Waiting for authentication...
[debug] [2023-09-13T15:00:04.712Z] >>> [apiv2][query] POST https://github.com/login/oauth/access_token [none]
[debug] [2023-09-13T15:00:04.712Z] >>> [apiv2][body] POST https://github.com/login/oauth/access_token [stream]
[debug] [2023-09-13T15:00:05.108Z] <<< [apiv2][status] POST https://github.com/login/oauth/access_token 200
[debug] [2023-09-13T15:00:05.108Z] <<< [apiv2][body] POST https://github.com/login/oauth/access_token {"access_token":"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","token_type":"bearer","scope":"read:user,repo"}
[debug] [2023-09-13T15:00:05.116Z] >>> [apiv2][query] GET https://api.github.com/user [none]
[debug] [2023-09-13T15:00:05.605Z] <<< [apiv2][status] GET https://api.github.com/user 200
[debug] [2023-09-13T15:00:05.606Z] <<< [apiv2][body] GET https://api.github.com/user {"login":"waxscissors","id":144930448,"node_id":"U_kgDOCKN2kA","avatar_url":"https://avatars.githubusercontent.com/u/144930448?v=4","gravatar_id":"","url":"https://api.github.com/users/waxscissors","html_url":"https://github.com/waxscissors","followers_url":"https://api.github.com/users/waxscissors/followers","following_url":"https://api.github.com/users/waxscissors/following{/other_user}","gists_url":"https://api.github.com/users/waxscissors/gists{/gist_id}","starred_url":"https://api.github.com/users/waxscissors/starred{/owner}{/repo}","subscriptions_url":"https://api.github.com/users/waxscissors/subscriptions","organizations_url":"https://api.github.com/users/waxscissors/orgs","repos_url":"https://api.github.com/users/waxscissors/repos","events_url":"https://api.github.com/users/waxscissors/events{/privacy}","received_events_url":"https://api.github.com/users/waxscissors/received_events","type":"User","site_admin":false,"name":null,"company":null,"blog":"","location":null,"email":null,"hireable":null,"bio":null,"twitter_username":null,"public_repos":0,"public_gists":0,"followers":0,"following":0,"created_at":"2023-09-13T14:59:41Z","updated_at":"2023-09-13T14:59:41Z","private_gists":0,"total_private_repos":0,"owned_private_repos":0,"disk_usage":0,"collaborators":0,"two_factor_authentication":false,"plan":{"name":"free","space":976562499,"collaborators":0,"private_repos":10000}}
[info] 
[info] +  Success! Logged into GitHub as waxscissors 
[info] 
